e:\aaagames\3113\projectone\debug\vc142.pdb
e:\aaagames\3113\projectone\debug\vc142.idb
e:\aaagames\3113\projectone\debug\shaderprogram.obj
e:\aaagames\3113\projectone\debug\main.obj
e:\aaagames\3113\projectone\debug\glew32.dll
e:\aaagames\3113\projectone\debug\sdl2.dll
e:\aaagames\3113\projectone\debug\sdlproject.ilk
e:\aaagames\3113\projectone\debug\sdlproject.exe
e:\aaagames\3113\projectone\debug\sdlproject.pdb
e:\aaagames\3113\projecttwo\debug\main.obj
e:\aaagames\3113\projecttwo\debug\shaderprogram.obj
e:\aaagames\3113\projecttwo\debug\sdlproject.ilk
e:\aaagames\3113\projecttwo\debug\vc142.idb
e:\aaagames\3113\projecttwo\debug\sdlproject.pdb
e:\aaagames\3113\projecttwo\debug\vc142.pdb
e:\aaagames\3113\projecttwo\debug\sdlproject.exe
e:\aaagames\3113\projecttwo\debug\sdlproject.tlog\cl.command.1.tlog
e:\aaagames\3113\projecttwo\debug\sdlproject.tlog\cl.read.1.tlog
e:\aaagames\3113\projecttwo\debug\sdlproject.tlog\cl.write.1.tlog
e:\aaagames\3113\projecttwo\debug\sdlproject.tlog\copyfile.command.1.tlog
e:\aaagames\3113\projecttwo\debug\sdlproject.tlog\copyfile.read.1.tlog
e:\aaagames\3113\projecttwo\debug\sdlproject.tlog\copyfile.write.1.tlog
e:\aaagames\3113\projecttwo\debug\sdlproject.tlog\link.command.1.tlog
e:\aaagames\3113\projecttwo\debug\sdlproject.tlog\link.read.1.tlog
e:\aaagames\3113\projecttwo\debug\sdlproject.tlog\link.write.1.tlog
